2022-07-11 11:27:09.106 INFO [restartedMain] [org.springframework.boot.StartupInfoLogger.logStarting(StartupInfoLogger.java:55)] - Starting SquadsHotelApplication using Java 17.0.3 on anilr112.successivetech.com with PID 101698 (/home/anil.kumar/squadshotel/SquadsHotel (1)/SquadsHotel/target/classes started by anil.kumar in /home/anil.kumar/squadshotel/SquadsHotel (1)/SquadsHotel)
2022-07-11 11:27:09.146 INFO [restartedMain] [org.springframework.boot.SpringApplication.logStartupProfileInfo(SpringApplication.java:634)] - No active profile set, falling back to 1 default profile: "default"
2022-07-11 11:27:09.375 INFO [restartedMain] [org.springframework.boot.logging.DeferredLog.logTo(DeferredLog.java:255)] - Devtools property defaults active! Set 'spring.devtools.add-properties' to 'false' to disable
2022-07-11 11:27:09.379 INFO [restartedMain] [org.springframework.boot.logging.DeferredLog.logTo(DeferredLog.java:255)] - For additional web related logging consider setting the 'logging.level.web' property to 'DEBUG'
2022-07-11 11:27:12.119 INFO [restartedMain] [org.springframework.data.repository.config.RepositoryConfigurationDelegate.registerRepositoriesIn(RepositoryConfigurationDelegate.java:132)] - Bootstrapping Spring Data JPA repositories in DEFAULT mode.
2022-07-11 11:27:12.306 INFO [restartedMain] [org.springframework.data.repository.config.RepositoryConfigurationDelegate.registerRepositoriesIn(RepositoryConfigurationDelegate.java:201)] - Finished Spring Data repository scanning in 170 ms. Found 1 JPA repository interfaces.
2022-07-11 11:27:14.192 INFO [restartedMain] [org.springframework.boot.web.embedded.tomcat.TomcatWebServer.initialize(TomcatWebServer.java:108)] - Tomcat initialized with port(s): 4567 (http)
2022-07-11 11:27:14.769 INFO [restartedMain] [org.springframework.boot.web.servlet.context.ServletWebServerApplicationContext.prepareWebApplicationContext(ServletWebServerApplicationContext.java:292)] - Root WebApplicationContext: initialization completed in 5388 ms
2022-07-11 11:27:15.372 INFO [restartedMain] [org.hibernate.jpa.internal.util.LogHelper.logPersistenceUnitInformation(LogHelper.java:31)] - HHH000204: Processing PersistenceUnitInfo [name: default]
2022-07-11 11:27:15.486 INFO [restartedMain] [org.hibernate.Version.logVersion(Version.java:44)] - HHH000412: Hibernate ORM core version 5.6.9.Final
2022-07-11 11:27:15.777 INFO [restartedMain] [org.hibernate.annotations.common.reflection.java.JavaReflectionManager.<clinit>(JavaReflectionManager.java:56)] - HCANN000001: Hibernate Commons Annotations {5.1.2.Final}
2022-07-11 11:27:15.837 DEBUG [restartedMain] [org.hibernate.type.BasicTypeRegistry.register(BasicTypeRegistry.java:157)] - Adding type registration boolean -> org.hibernate.type.BooleanType@17345643
2022-07-11 11:27:15.838 DEBUG [restartedMain] [org.hibernate.type.BasicTypeRegistry.register(BasicTypeRegistry.java:157)] - Adding type registration boolean -> org.hibernate.type.BooleanType@17345643
2022-07-11 11:27:15.838 DEBUG [restartedMain] [org.hibernate.type.BasicTypeRegistry.register(BasicTypeRegistry.java:157)] - Adding type registration java.lang.Boolean -> org.hibernate.type.BooleanType@17345643
2022-07-11 11:27:15.839 DEBUG [restartedMain] [org.hibernate.type.BasicTypeRegistry.register(BasicTypeRegistry.java:157)] - Adding type registration numeric_boolean -> org.hibernate.type.NumericBooleanType@2f5387ea
2022-07-11 11:27:15.840 DEBUG [restartedMain] [org.hibernate.type.BasicTypeRegistry.register(BasicTypeRegistry.java:157)] - Adding type registration true_false -> org.hibernate.type.TrueFalseType@5c94b548
2022-07-11 11:27:15.841 DEBUG [restartedMain] [org.hibernate.type.BasicTypeRegistry.register(BasicTypeRegistry.java:157)] - Adding type registration yes_no -> org.hibernate.type.YesNoType@2069b2e
2022-07-11 11:27:15.843 DEBUG [restartedMain] [org.hibernate.type.BasicTypeRegistry.register(BasicTypeRegistry.java:157)] - Adding type registration byte -> org.hibernate.type.ByteType@333e40d5
2022-07-11 11:27:15.843 DEBUG [restartedMain] [org.hibernate.type.BasicTypeRegistry.register(BasicTypeRegistry.java:157)] - Adding type registration byte -> org.hibernate.type.ByteType@333e40d5
2022-07-11 11:27:15.844 DEBUG [restartedMain] [org.hibernate.type.BasicTypeRegistry.register(BasicTypeRegistry.java:157)] - Adding type registration java.lang.Byte -> org.hibernate.type.ByteType@333e40d5
2022-07-11 11:27:15.845 DEBUG [restartedMain] [org.hibernate.type.BasicTypeRegistry.register(BasicTypeRegistry.java:157)] - Adding type registration character -> org.hibernate.type.CharacterType@419288f3
2022-07-11 11:27:15.846 DEBUG [restartedMain] [org.hibernate.type.BasicTypeRegistry.register(BasicTypeRegistry.java:157)] - Adding type registration char -> org.hibernate.type.CharacterType@419288f3
2022-07-11 11:27:15.846 DEBUG [restartedMain] [org.hibernate.type.BasicTypeRegistry.register(BasicTypeRegistry.java:157)] - Adding type registration java.lang.Character -> org.hibernate.type.CharacterType@419288f3
2022-07-11 11:27:15.849 DEBUG [restartedMain] [org.hibernate.type.BasicTypeRegistry.register(BasicTypeRegistry.java:157)] - Adding type registration short -> org.hibernate.type.ShortType@7dc1eb4a
2022-07-11 11:27:15.849 DEBUG [restartedMain] [org.hibernate.type.BasicTypeRegistry.register(BasicTypeRegistry.java:157)] - Adding type registration short -> org.hibernate.type.ShortType@7dc1eb4a
2022-07-11 11:27:15.850 DEBUG [restartedMain] [org.hibernate.type.BasicTypeRegistry.register(BasicTypeRegistry.java:157)] - Adding type registration java.lang.Short -> org.hibernate.type.ShortType@7dc1eb4a
2022-07-11 11:27:15.851 DEBUG [restartedMain] [org.hibernate.type.BasicTypeRegistry.register(BasicTypeRegistry.java:157)] - Adding type registration integer -> org.hibernate.type.IntegerType@4ec4b84b
2022-07-11 11:27:15.852 DEBUG [restartedMain] [org.hibernate.type.BasicTypeRegistry.register(BasicTypeRegistry.java:157)] - Adding type registration int -> org.hibernate.type.IntegerType@4ec4b84b
2022-07-11 11:27:15.852 DEBUG [restartedMain] [org.hibernate.type.BasicTypeRegistry.register(BasicTypeRegistry.java:157)] - Adding type registration java.lang.Integer -> org.hibernate.type.IntegerType@4ec4b84b
2022-07-11 11:27:15.854 DEBUG [restartedMain] [org.hibernate.type.BasicTypeRegistry.register(BasicTypeRegistry.java:157)] - Adding type registration long -> org.hibernate.type.LongType@785016af
2022-07-11 11:27:15.854 DEBUG [restartedMain] [org.hibernate.type.BasicTypeRegistry.register(BasicTypeRegistry.java:157)] - Adding type registration long -> org.hibernate.type.LongType@785016af
2022-07-11 11:27:15.854 DEBUG [restartedMain] [org.hibernate.type.BasicTypeRegistry.register(BasicTypeRegistry.java:157)] - Adding type registration java.lang.Long -> org.hibernate.type.LongType@785016af
2022-07-11 11:27:15.856 DEBUG [restartedMain] [org.hibernate.type.BasicTypeRegistry.register(BasicTypeRegistry.java:157)] - Adding type registration float -> org.hibernate.type.FloatType@4ee01df5
2022-07-11 11:27:15.856 DEBUG [restartedMain] [org.hibernate.type.BasicTypeRegistry.register(BasicTypeRegistry.java:157)] - Adding type registration float -> org.hibernate.type.FloatType@4ee01df5
2022-07-11 11:27:15.856 DEBUG [restartedMain] [org.hibernate.type.BasicTypeRegistry.register(BasicTypeRegistry.java:157)] - Adding type registration java.lang.Float -> org.hibernate.type.FloatType@4ee01df5
2022-07-11 11:27:15.864 DEBUG [restartedMain] [org.hibernate.type.BasicTypeRegistry.register(BasicTypeRegistry.java:157)] - Adding type registration double -> org.hibernate.type.DoubleType@7c1cff66
2022-07-11 11:27:15.864 DEBUG [restartedMain] [org.hibernate.type.BasicTypeRegistry.register(BasicTypeRegistry.java:157)] - Adding type registration double -> org.hibernate.type.DoubleType@7c1cff66
2022-07-11 11:27:15.864 DEBUG [restartedMain] [org.hibernate.type.BasicTypeRegistry.register(BasicTypeRegistry.java:157)] - Adding type registration java.lang.Double -> org.hibernate.type.DoubleType@7c1cff66
2022-07-11 11:27:15.867 DEBUG [restartedMain] [org.hibernate.type.BasicTypeRegistry.register(BasicTypeRegistry.java:157)] - Adding type registration big_decimal -> org.hibernate.type.BigDecimalType@5b84795d
2022-07-11 11:27:15.867 DEBUG [restartedMain] [org.hibernate.type.BasicTypeRegistry.register(BasicTypeRegistry.java:157)] - Adding type registration java.math.BigDecimal -> org.hibernate.type.BigDecimalType@5b84795d
2022-07-11 11:27:15.869 DEBUG [restartedMain] [org.hibernate.type.BasicTypeRegistry.register(BasicTypeRegistry.java:157)] - Adding type registration big_integer -> org.hibernate.type.BigIntegerType@4d317ef9
2022-07-11 11:27:15.869 DEBUG [restartedMain] [org.hibernate.type.BasicTypeRegistry.register(BasicTypeRegistry.java:157)] - Adding type registration java.math.BigInteger -> org.hibernate.type.BigIntegerType@4d317ef9
2022-07-11 11:27:15.871 DEBUG [restartedMain] [org.hibernate.type.BasicTypeRegistry.register(BasicTypeRegistry.java:157)] - Adding type registration string -> org.hibernate.type.StringType@4298f4cd
2022-07-11 11:27:15.871 DEBUG [restartedMain] [org.hibernate.type.BasicTypeRegistry.register(BasicTypeRegistry.java:157)] - Adding type registration java.lang.String -> org.hibernate.type.StringType@4298f4cd
2022-07-11 11:27:15.872 DEBUG [restartedMain] [org.hibernate.type.BasicTypeRegistry.register(BasicTypeRegistry.java:157)] - Adding type registration nstring -> org.hibernate.type.StringNVarcharType@771bd1e0
2022-07-11 11:27:15.873 DEBUG [restartedMain] [org.hibernate.type.BasicTypeRegistry.register(BasicTypeRegistry.java:157)] - Adding type registration ncharacter -> org.hibernate.type.CharacterNCharType@7ee106f2
2022-07-11 11:27:15.877 DEBUG [restartedMain] [org.hibernate.type.BasicTypeRegistry.register(BasicTypeRegistry.java:157)] - Adding type registration url -> org.hibernate.type.UrlType@15adc019
2022-07-11 11:27:15.878 DEBUG [restartedMain] [org.hibernate.type.BasicTypeRegistry.register(BasicTypeRegistry.java:157)] - Adding type registration java.net.URL -> org.hibernate.type.UrlType@15adc019
2022-07-11 11:27:15.879 DEBUG [restartedMain] [org.hibernate.type.BasicTypeRegistry.register(BasicTypeRegistry.java:157)] - Adding type registration Duration -> org.hibernate.type.DurationType@5c4d8997
2022-07-11 11:27:15.880 DEBUG [restartedMain] [org.hibernate.type.BasicTypeRegistry.register(BasicTypeRegistry.java:157)] - Adding type registration java.time.Duration -> org.hibernate.type.DurationType@5c4d8997
2022-07-11 11:27:15.881 DEBUG [restartedMain] [org.hibernate.type.BasicTypeRegistry.register(BasicTypeRegistry.java:157)] - Adding type registration Instant -> org.hibernate.type.InstantType@131fa38
2022-07-11 11:27:15.882 DEBUG [restartedMain] [org.hibernate.type.BasicTypeRegistry.register(BasicTypeRegistry.java:157)] - Adding type registration java.time.Instant -> org.hibernate.type.InstantType@131fa38
2022-07-11 11:27:15.883 DEBUG [restartedMain] [org.hibernate.type.BasicTypeRegistry.register(BasicTypeRegistry.java:157)] - Adding type registration LocalDateTime -> org.hibernate.type.LocalDateTimeType@66b6a8c2
2022-07-11 11:27:15.884 DEBUG [restartedMain] [org.hibernate.type.BasicTypeRegistry.register(BasicTypeRegistry.java:157)] - Adding type registration java.time.LocalDateTime -> org.hibernate.type.LocalDateTimeType@66b6a8c2
2022-07-11 11:27:15.885 DEBUG [restartedMain] [org.hibernate.type.BasicTypeRegistry.register(BasicTypeRegistry.java:157)] - Adding type registration LocalDate -> org.hibernate.type.LocalDateType@3ff13aeb
2022-07-11 11:27:15.886 DEBUG [restartedMain] [org.hibernate.type.BasicTypeRegistry.register(BasicTypeRegistry.java:157)] - Adding type registration java.time.LocalDate -> org.hibernate.type.LocalDateType@3ff13aeb
2022-07-11 11:27:15.887 DEBUG [restartedMain] [org.hibernate.type.BasicTypeRegistry.register(BasicTypeRegistry.java:157)] - Adding type registration LocalTime -> org.hibernate.type.LocalTimeType@f9af556
2022-07-11 11:27:15.887 DEBUG [restartedMain] [org.hibernate.type.BasicTypeRegistry.register(BasicTypeRegistry.java:157)] - Adding type registration java.time.LocalTime -> org.hibernate.type.LocalTimeType@f9af556
2022-07-11 11:27:15.889 DEBUG [restartedMain] [org.hibernate.type.BasicTypeRegistry.register(BasicTypeRegistry.java:157)] - Adding type registration OffsetDateTime -> org.hibernate.type.OffsetDateTimeType@14d6ea39
2022-07-11 11:27:15.890 DEBUG [restartedMain] [org.hibernate.type.BasicTypeRegistry.register(BasicTypeRegistry.java:157)] - Adding type registration java.time.OffsetDateTime -> org.hibernate.type.OffsetDateTimeType@14d6ea39
2022-07-11 11:27:15.892 DEBUG [restartedMain] [org.hibernate.type.BasicTypeRegistry.register(BasicTypeRegistry.java:157)] - Adding type registration OffsetTime -> org.hibernate.type.OffsetTimeType@5a84c842
2022-07-11 11:27:15.892 DEBUG [restartedMain] [org.hibernate.type.BasicTypeRegistry.register(BasicTypeRegistry.java:157)] - Adding type registration java.time.OffsetTime -> org.hibernate.type.OffsetTimeType@5a84c842
2022-07-11 11:27:15.895 DEBUG [restartedMain] [org.hibernate.type.BasicTypeRegistry.register(BasicTypeRegistry.java:157)] - Adding type registration ZonedDateTime -> org.hibernate.type.ZonedDateTimeType@1fff18b3
2022-07-11 11:27:15.898 DEBUG [restartedMain] [org.hibernate.type.BasicTypeRegistry.register(BasicTypeRegistry.java:157)] - Adding type registration java.time.ZonedDateTime -> org.hibernate.type.ZonedDateTimeType@1fff18b3
2022-07-11 11:27:15.901 DEBUG [restartedMain] [org.hibernate.type.BasicTypeRegistry.register(BasicTypeRegistry.java:157)] - Adding type registration date -> org.hibernate.type.DateType@1a5170d
2022-07-11 11:27:15.901 DEBUG [restartedMain] [org.hibernate.type.BasicTypeRegistry.register(BasicTypeRegistry.java:157)] - Adding type registration java.sql.Date -> org.hibernate.type.DateType@1a5170d
2022-07-11 11:27:15.902 DEBUG [restartedMain] [org.hibernate.type.BasicTypeRegistry.register(BasicTypeRegistry.java:157)] - Adding type registration time -> org.hibernate.type.TimeType@38261921
2022-07-11 11:27:15.903 DEBUG [restartedMain] [org.hibernate.type.BasicTypeRegistry.register(BasicTypeRegistry.java:157)] - Adding type registration java.sql.Time -> org.hibernate.type.TimeType@38261921
2022-07-11 11:27:15.905 DEBUG [restartedMain] [org.hibernate.type.BasicTypeRegistry.register(BasicTypeRegistry.java:157)] - Adding type registration timestamp -> org.hibernate.type.TimestampType@1f409668
2022-07-11 11:27:15.906 DEBUG [restartedMain] [org.hibernate.type.BasicTypeRegistry.register(BasicTypeRegistry.java:157)] - Adding type registration java.sql.Timestamp -> org.hibernate.type.TimestampType@1f409668
2022-07-11 11:27:15.906 DEBUG [restartedMain] [org.hibernate.type.BasicTypeRegistry.register(BasicTypeRegistry.java:157)] - Adding type registration java.util.Date -> org.hibernate.type.TimestampType@1f409668
2022-07-11 11:27:15.910 DEBUG [restartedMain] [org.hibernate.type.BasicTypeRegistry.register(BasicTypeRegistry.java:157)] - Adding type registration dbtimestamp -> org.hibernate.type.DbTimestampType@4141a23
2022-07-11 11:27:15.912 DEBUG [restartedMain] [org.hibernate.type.BasicTypeRegistry.register(BasicTypeRegistry.java:157)] - Adding type registration calendar -> org.hibernate.type.CalendarType@bc2f3e7
2022-07-11 11:27:15.912 DEBUG [restartedMain] [org.hibernate.type.BasicTypeRegistry.register(BasicTypeRegistry.java:157)] - Adding type registration java.util.Calendar -> org.hibernate.type.CalendarType@bc2f3e7
2022-07-11 11:27:15.912 DEBUG [restartedMain] [org.hibernate.type.BasicTypeRegistry.register(BasicTypeRegistry.java:157)] - Adding type registration java.util.GregorianCalendar -> org.hibernate.type.CalendarType@bc2f3e7
2022-07-11 11:27:15.913 DEBUG [restartedMain] [org.hibernate.type.BasicTypeRegistry.register(BasicTypeRegistry.java:157)] - Adding type registration calendar_date -> org.hibernate.type.CalendarDateType@f58d358
2022-07-11 11:27:15.915 DEBUG [restartedMain] [org.hibernate.type.BasicTypeRegistry.register(BasicTypeRegistry.java:157)] - Adding type registration calendar_time -> org.hibernate.type.CalendarTimeType@efef3b7
2022-07-11 11:27:15.917 DEBUG [restartedMain] [org.hibernate.type.BasicTypeRegistry.register(BasicTypeRegistry.java:157)] - Adding type registration locale -> org.hibernate.type.LocaleType@28a3276c
2022-07-11 11:27:15.917 DEBUG [restartedMain] [org.hibernate.type.BasicTypeRegistry.register(BasicTypeRegistry.java:157)] - Adding type registration java.util.Locale -> org.hibernate.type.LocaleType@28a3276c
2022-07-11 11:27:15.918 DEBUG [restartedMain] [org.hibernate.type.BasicTypeRegistry.register(BasicTypeRegistry.java:157)] - Adding type registration currency -> org.hibernate.type.CurrencyType@26ad9f60
2022-07-11 11:27:15.919 DEBUG [restartedMain] [org.hibernate.type.BasicTypeRegistry.register(BasicTypeRegistry.java:157)] - Adding type registration java.util.Currency -> org.hibernate.type.CurrencyType@26ad9f60
2022-07-11 11:27:15.920 DEBUG [restartedMain] [org.hibernate.type.BasicTypeRegistry.register(BasicTypeRegistry.java:157)] - Adding type registration timezone -> org.hibernate.type.TimeZoneType@6c1ccded
2022-07-11 11:27:15.920 DEBUG [restartedMain] [org.hibernate.type.BasicTypeRegistry.register(BasicTypeRegistry.java:157)] - Adding type registration java.util.TimeZone -> org.hibernate.type.TimeZoneType@6c1ccded
2022-07-11 11:27:15.922 DEBUG [restartedMain] [org.hibernate.type.BasicTypeRegistry.register(BasicTypeRegistry.java:157)] - Adding type registration class -> org.hibernate.type.ClassType@49c8fd5b
2022-07-11 11:27:15.922 DEBUG [restartedMain] [org.hibernate.type.BasicTypeRegistry.register(BasicTypeRegistry.java:157)] - Adding type registration java.lang.Class -> org.hibernate.type.ClassType@49c8fd5b
2022-07-11 11:27:15.924 DEBUG [restartedMain] [org.hibernate.type.BasicTypeRegistry.register(BasicTypeRegistry.java:157)] - Adding type registration uuid-binary -> org.hibernate.type.UUIDBinaryType@3e91c5c0
2022-07-11 11:27:15.924 DEBUG [restartedMain] [org.hibernate.type.BasicTypeRegistry.register(BasicTypeRegistry.java:157)] - Adding type registration java.util.UUID -> org.hibernate.type.UUIDBinaryType@3e91c5c0
2022-07-11 11:27:15.925 DEBUG [restartedMain] [org.hibernate.type.BasicTypeRegistry.register(BasicTypeRegistry.java:157)] - Adding type registration uuid-char -> org.hibernate.type.UUIDCharType@7b6aa04d
2022-07-11 11:27:15.927 DEBUG [restartedMain] [org.hibernate.type.BasicTypeRegistry.register(BasicTypeRegistry.java:157)] - Adding type registration binary -> org.hibernate.type.BinaryType@4ebadff6
2022-07-11 11:27:15.927 DEBUG [restartedMain] [org.hibernate.type.BasicTypeRegistry.register(BasicTypeRegistry.java:157)] - Adding type registration byte[] -> org.hibernate.type.BinaryType@4ebadff6
2022-07-11 11:27:15.927 DEBUG [restartedMain] [org.hibernate.type.BasicTypeRegistry.register(BasicTypeRegistry.java:157)] - Adding type registration [B -> org.hibernate.type.BinaryType@4ebadff6
2022-07-11 11:27:15.929 DEBUG [restartedMain] [org.hibernate.type.BasicTypeRegistry.register(BasicTypeRegistry.java:157)] - Adding type registration wrapper-binary -> org.hibernate.type.WrapperBinaryType@1a0ef93f
2022-07-11 11:27:15.929 DEBUG [restartedMain] [org.hibernate.type.BasicTypeRegistry.register(BasicTypeRegistry.java:157)] - Adding type registration Byte[] -> org.hibernate.type.WrapperBinaryType@1a0ef93f
2022-07-11 11:27:15.935 DEBUG [restartedMain] [org.hibernate.type.BasicTypeRegistry.register(BasicTypeRegistry.java:157)] - Adding type registration [Ljava.lang.Byte; -> org.hibernate.type.WrapperBinaryType@1a0ef93f
2022-07-11 11:27:15.936 DEBUG [restartedMain] [org.hibernate.type.BasicTypeRegistry.register(BasicTypeRegistry.java:157)] - Adding type registration row_version -> org.hibernate.type.RowVersionType@5e030cf8
2022-07-11 11:27:15.937 DEBUG [restartedMain] [org.hibernate.type.BasicTypeRegistry.register(BasicTypeRegistry.java:157)] - Adding type registration image -> org.hibernate.type.ImageType@5eda7002
2022-07-11 11:27:15.939 DEBUG [restartedMain] [org.hibernate.type.BasicTypeRegistry.register(BasicTypeRegistry.java:157)] - Adding type registration characters -> org.hibernate.type.CharArrayType@354ecce7
2022-07-11 11:27:15.939 DEBUG [restartedMain] [org.hibernate.type.BasicTypeRegistry.register(BasicTypeRegistry.java:157)] - Adding type registration char[] -> org.hibernate.type.CharArrayType@354ecce7
2022-07-11 11:27:15.939 DEBUG [restartedMain] [org.hibernate.type.BasicTypeRegistry.register(BasicTypeRegistry.java:157)] - Adding type registration [C -> org.hibernate.type.CharArrayType@354ecce7
2022-07-11 11:27:15.941 DEBUG [restartedMain] [org.hibernate.type.BasicTypeRegistry.register(BasicTypeRegistry.java:157)] - Adding type registration wrapper-characters -> org.hibernate.type.CharacterArrayType@573c7b33
2022-07-11 11:27:15.941 DEBUG [restartedMain] [org.hibernate.type.BasicTypeRegistry.register(BasicTypeRegistry.java:157)] - Adding type registration [Ljava.lang.Character; -> org.hibernate.type.CharacterArrayType@573c7b33
2022-07-11 11:27:15.941 DEBUG [restartedMain] [org.hibernate.type.BasicTypeRegistry.register(BasicTypeRegistry.java:157)] - Adding type registration Character[] -> org.hibernate.type.CharacterArrayType@573c7b33
2022-07-11 11:27:15.942 DEBUG [restartedMain] [org.hibernate.type.BasicTypeRegistry.register(BasicTypeRegistry.java:157)] - Adding type registration text -> org.hibernate.type.TextType@68f13535
2022-07-11 11:27:15.943 DEBUG [restartedMain] [org.hibernate.type.BasicTypeRegistry.register(BasicTypeRegistry.java:157)] - Adding type registration ntext -> org.hibernate.type.NTextType@1d9dbabf
2022-07-11 11:27:15.945 DEBUG [restartedMain] [org.hibernate.type.BasicTypeRegistry.register(BasicTypeRegistry.java:157)] - Adding type registration blob -> org.hibernate.type.BlobType@6d372f42
2022-07-11 11:27:15.945 DEBUG [restartedMain] [org.hibernate.type.BasicTypeRegistry.register(BasicTypeRegistry.java:157)] - Adding type registration java.sql.Blob -> org.hibernate.type.BlobType@6d372f42
2022-07-11 11:27:15.946 DEBUG [restartedMain] [org.hibernate.type.BasicTypeRegistry.register(BasicTypeRegistry.java:157)] - Adding type registration materialized_blob -> org.hibernate.type.MaterializedBlobType@785976a4
2022-07-11 11:27:15.952 DEBUG [restartedMain] [org.hibernate.type.BasicTypeRegistry.register(BasicTypeRegistry.java:157)] - Adding type registration clob -> org.hibernate.type.ClobType@3bb29286
2022-07-11 11:27:15.952 DEBUG [restartedMain] [org.hibernate.type.BasicTypeRegistry.register(BasicTypeRegistry.java:157)] - Adding type registration java.sql.Clob -> org.hibernate.type.ClobType@3bb29286
2022-07-11 11:27:15.954 DEBUG [restartedMain] [org.hibernate.type.BasicTypeRegistry.register(BasicTypeRegistry.java:157)] - Adding type registration nclob -> org.hibernate.type.NClobType@1fedbc41
2022-07-11 11:27:15.954 DEBUG [restartedMain] [org.hibernate.type.BasicTypeRegistry.register(BasicTypeRegistry.java:157)] - Adding type registration java.sql.NClob -> org.hibernate.type.NClobType@1fedbc41
2022-07-11 11:27:15.955 DEBUG [restartedMain] [org.hibernate.type.BasicTypeRegistry.register(BasicTypeRegistry.java:157)] - Adding type registration materialized_clob -> org.hibernate.type.MaterializedClobType@1c2a8d6c
2022-07-11 11:27:15.956 DEBUG [restartedMain] [org.hibernate.type.BasicTypeRegistry.register(BasicTypeRegistry.java:157)] - Adding type registration materialized_nclob -> org.hibernate.type.MaterializedNClobType@64cbe63a
2022-07-11 11:27:15.965 DEBUG [restartedMain] [org.hibernate.type.BasicTypeRegistry.register(BasicTypeRegistry.java:157)] - Adding type registration serializable -> org.hibernate.type.SerializableType@1c94bba
2022-07-11 11:27:15.969 DEBUG [restartedMain] [org.hibernate.type.BasicTypeRegistry.register(BasicTypeRegistry.java:157)] - Adding type registration object -> org.hibernate.type.ObjectType@35aafbe6
2022-07-11 11:27:15.970 DEBUG [restartedMain] [org.hibernate.type.BasicTypeRegistry.register(BasicTypeRegistry.java:157)] - Adding type registration java.lang.Object -> org.hibernate.type.ObjectType@35aafbe6
2022-07-11 11:27:15.971 DEBUG [restartedMain] [org.hibernate.type.BasicTypeRegistry.register(BasicTypeRegistry.java:157)] - Adding type registration imm_date -> org.hibernate.type.AdaptedImmutableType@6261d391
2022-07-11 11:27:15.971 DEBUG [restartedMain] [org.hibernate.type.BasicTypeRegistry.register(BasicTypeRegistry.java:157)] - Adding type registration imm_time -> org.hibernate.type.AdaptedImmutableType@6fc7ef49
2022-07-11 11:27:15.971 DEBUG [restartedMain] [org.hibernate.type.BasicTypeRegistry.register(BasicTypeRegistry.java:157)] - Adding type registration imm_timestamp -> org.hibernate.type.AdaptedImmutableType@1b07d2c0
2022-07-11 11:27:15.971 DEBUG [restartedMain] [org.hibernate.type.BasicTypeRegistry.register(BasicTypeRegistry.java:157)] - Adding type registration imm_dbtimestamp -> org.hibernate.type.AdaptedImmutableType@282f277f
2022-07-11 11:27:15.971 DEBUG [restartedMain] [org.hibernate.type.BasicTypeRegistry.register(BasicTypeRegistry.java:157)] - Adding type registration imm_calendar -> org.hibernate.type.AdaptedImmutableType@443e84b0
2022-07-11 11:27:15.971 DEBUG [restartedMain] [org.hibernate.type.BasicTypeRegistry.register(BasicTypeRegistry.java:157)] - Adding type registration imm_calendar_date -> org.hibernate.type.AdaptedImmutableType@14d386d9
2022-07-11 11:27:15.972 DEBUG [restartedMain] [org.hibernate.type.BasicTypeRegistry.register(BasicTypeRegistry.java:157)] - Adding type registration imm_binary -> org.hibernate.type.AdaptedImmutableType@31e7d751
2022-07-11 11:27:15.972 DEBUG [restartedMain] [org.hibernate.type.BasicTypeRegistry.register(BasicTypeRegistry.java:157)] - Adding type registration imm_serializable -> org.hibernate.type.AdaptedImmutableType@60a21acd
2022-07-11 11:27:16.798 INFO [restartedMain] [org.hibernate.dialect.Dialect.<init>(Dialect.java:175)] - HHH000400: Using dialect: org.hibernate.dialect.MySQL8Dialect
2022-07-11 11:27:16.874 DEBUG [restartedMain] [org.hibernate.type.spi.TypeConfiguration.scope(TypeConfiguration.java:149)] - Scoping TypeConfiguration [org.hibernate.type.spi.TypeConfiguration@6463fd2] to MetadataBuildingContext [org.hibernate.boot.internal.MetadataBuildingContextRootImpl@1b3bd926]
2022-07-11 11:27:17.545 DEBUG [restartedMain] [org.hibernate.type.spi.TypeConfiguration.scope(TypeConfiguration.java:154)] - Scoping TypeConfiguration [org.hibernate.type.spi.TypeConfiguration@6463fd2] to SessionFactoryImpl [org.hibernate.internal.SessionFactoryImpl@7ff09fd2]
2022-07-11 11:27:18.323 INFO [restartedMain] [org.hibernate.engine.transaction.jta.platform.internal.JtaPlatformInitiator.initiateService(JtaPlatformInitiator.java:52)] - HHH000490: Using JtaPlatform implementation: [org.hibernate.engine.transaction.jta.platform.internal.NoJtaPlatform]
2022-07-11 11:27:18.351 TRACE [restartedMain] [org.hibernate.type.spi.TypeConfiguration.sessionFactoryCreated(TypeConfiguration.java:202)] - Handling #sessionFactoryCreated from [org.hibernate.internal.SessionFactoryImpl@7ff09fd2] for TypeConfiguration
2022-07-11 11:27:18.354 INFO [restartedMain] [org.springframework.orm.jpa.AbstractEntityManagerFactoryBean.buildNativeEntityManagerFactory(AbstractEntityManagerFactoryBean.java:437)] - Initialized JPA EntityManagerFactory for persistence unit 'default'
2022-07-11 11:27:18.659 WARN [restartedMain] [org.springframework.boot.autoconfigure.orm.jpa.JpaBaseConfiguration$JpaWebConfiguration.openEntityManagerInViewInterceptor(JpaBaseConfiguration.java:219)] - spring.jpa.open-in-view is enabled by default. Therefore, database queries may be performed during view rendering. Explicitly configure spring.jpa.open-in-view to disable this warning
2022-07-11 11:27:19.590 INFO [restartedMain] [org.springframework.security.web.DefaultSecurityFilterChain.<init>(DefaultSecurityFilterChain.java:55)] - Will secure any request with [org.springframework.security.web.session.DisableEncodeUrlFilter@21458449, org.springframework.security.web.context.request.async.WebAsyncManagerIntegrationFilter@5848e029, org.springframework.security.web.context.SecurityContextPersistenceFilter@745878c7, org.springframework.security.web.header.HeaderWriterFilter@162627d6, org.springframework.security.web.csrf.CsrfFilter@7a211d6, org.springframework.security.web.authentication.logout.LogoutFilter@6535bba2, org.springframework.security.web.authentication.UsernamePasswordAuthenticationFilter@3888713, org.springframework.security.web.savedrequest.RequestCacheAwareFilter@4236e1c3, org.springframework.security.web.servletapi.SecurityContextHolderAwareRequestFilter@79d4fb02, org.springframework.security.web.authentication.AnonymousAuthenticationFilter@7cb1aa38, org.springframework.security.web.session.SessionManagementFilter@71540d42, org.springframework.security.web.access.ExceptionTranslationFilter@1a18eeba, org.springframework.security.web.access.intercept.FilterSecurityInterceptor@3597f9bc]
2022-07-11 11:27:19.857 INFO [restartedMain] [org.springframework.boot.autoconfigure.web.servlet.WelcomePageHandlerMapping.<init>(WelcomePageHandlerMapping.java:57)] - Adding welcome page template: index
2022-07-11 11:27:22.122 INFO [restartedMain] [org.springframework.boot.devtools.autoconfigure.OptionalLiveReloadServer.startServer(OptionalLiveReloadServer.java:58)] - LiveReload server is running on port 35729
2022-07-11 11:27:22.138 INFO [restartedMain] [org.springframework.boot.actuate.endpoint.web.EndpointLinksResolver.<init>(EndpointLinksResolver.java:58)] - Exposing 1 endpoint(s) beneath base path '/actuator'
2022-07-11 11:27:22.359 INFO [restartedMain] [org.springframework.boot.web.embedded.tomcat.TomcatWebServer.start(TomcatWebServer.java:220)] - Tomcat started on port(s): 4567 (http) with context path ''
2022-07-11 11:27:22.392 INFO [restartedMain] [org.springframework.boot.StartupInfoLogger.logStarted(StartupInfoLogger.java:61)] - Started SquadsHotelApplication in 14.163 seconds (JVM running for 16.884)
2022-07-11 11:27:25.867 INFO [http-nio-4567-exec-1] [org.springframework.web.servlet.FrameworkServlet.initServletBean(FrameworkServlet.java:525)] - Initializing Servlet 'dispatcherServlet'
2022-07-11 11:27:25.870 INFO [http-nio-4567-exec-1] [org.springframework.web.servlet.FrameworkServlet.initServletBean(FrameworkServlet.java:547)] - Completed initialization in 3 ms
